<?xml version="1.0" encoding="UTF-8"?>
<!-- Generated by org.testng.reporters.JUnitXMLReporter -->
<testsuite ignored="0" hostname="FLW-GodsfavourNwoko-PC" failures="1" tests="2" name="Error Validation Test" time="25.726" errors="0" timestamp="2024-06-18T13:36:57 WAT">
  <testcase classname="frameworktutorial.tests.ErrorValidationsTest" name="LoginErrorValidation" time="0.595">
    <failure type="java.lang.AssertionError" message="expected:&amp;lt;Incorrect email password.&amp;gt; but was:&amp;lt;Incorrect email or password.&amp;gt;">
      <![CDATA[java.lang.AssertionError: expected:<Incorrect email password.> but was:<Incorrect email or password.>
at frameworktutorial.tests.ErrorValidationsTest.LoginErrorValidation(ErrorValidationsTest.java:37)
at java.base/java.util.ArrayList.forEach(ArrayList.java:1511)
... Removed 27 stack frames]]>
    </failure>
  </testcase> <!-- LoginErrorValidation -->
  <testcase classname="frameworktutorial.tests.ErrorValidationsTest" name="ProductErrorValidation" time="11.874"/>
</testsuite> <!-- Error Validation Test -->
