<?xml version="1.0" encoding="UTF-8"?>
<!-- Generated by org.testng.reporters.JUnitXMLReporter -->
<testsuite ignored="2" hostname="FLW-GodsfavourNwoko-PC" failures="0" tests="1" name="Stand Alone Test Test" time="6.203" errors="0" timestamp="2024-06-19T00:36:52 WAT">
  <testcase classname="instillAdminPortal.tests.StandAloneTest" name="LoginErrorValidation" time="1.131"/>
  <testcase classname="instillAdminPortal.tests.StandAloneTest" name="successfulLogin" time="0.0">
    <ignored/>
  </testcase> <!-- successfulLogin -->
  <testcase classname="instillAdminPortal.tests.StandAloneTest" name="successfulSignOut" time="0.0">
    <ignored/>
  </testcase> <!-- successfulSignOut -->
</testsuite> <!-- Stand Alone Test Test -->
