<?xml version="1.0" encoding="UTF-8"?>
<!-- Generated by org.testng.reporters.JUnitXMLReporter -->
<testsuite ignored="0" hostname="FLW-GodsfavourNwoko-PC" failures="0" tests="3" name="Stand Alone Test" time="31.593" errors="0" timestamp="2024-06-19T12:12:19 WAT">
  <testcase classname="instillAdminPortal.tests.StandAloneTest" name="LoginErrorValidation" time="8.249"/>
  <testcase classname="instillAdminPortal.tests.StandAloneTest" name="successfulLogin" time="1.827"/>
  <testcase classname="instillAdminPortal.tests.StandAloneTest" name="successfulSignOut" time="1.494"/>
</testsuite> <!-- Stand Alone Test -->
