<?xml version="1.0" encoding="UTF-8"?>
<!-- Generated by org.testng.reporters.JUnitXMLReporter -->
<testsuite ignored="0" hostname="FLW-GodsfavourNwoko-PC" failures="0" tests="3" name="Submit Order Test" time="54.266" errors="0" timestamp="2024-06-18T13:36:32 WAT">
  <testcase classname="frameworktutorial.tests.SubmitOrderTest" name="submitOrder" time="12.901"/>
  <testcase classname="frameworktutorial.tests.SubmitOrderTest" name="submitOrder" time="13.662"/>
  <testcase classname="frameworktutorial.tests.SubmitOrderTest" name="OrderHistoryTest" time="8.089"/>
</testsuite> <!-- Submit Order Test -->
