<?xml version="1.0" encoding="UTF-8"?>
<testng-results ignored="0" total="3" passed="3" failed="0" skipped="0">
  <reporter-output>
  </reporter-output>
  <suite started-at="2024-06-19T12:11:46 WAT" name="Suite" finished-at="2024-06-19T12:12:18 WAT" duration-ms="31593">
    <groups>
    </groups>
    <test started-at="2024-06-19T12:11:46 WAT" name="Stand Alone Test" finished-at="2024-06-19T12:12:18 WAT" duration-ms="31593">
      <class name="instillAdminPortal.tests.StandAloneTest">
        <test-method is-config="true" signature="launchApplication()[pri:0, instance:instillAdminPortal.tests.StandAloneTest@3e08ff24]" started-at="2024-06-19T12:11:46 WAT" name="launchApplication" finished-at="2024-06-19T12:11:57 WAT" duration-ms="11067" status="PASS">
          <reporter-output>
          </reporter-output>
        </test-method> <!-- launchApplication -->
        <test-method signature="LoginErrorValidation()[pri:0, instance:instillAdminPortal.tests.StandAloneTest@3e08ff24]" started-at="2024-06-19T12:11:57 WAT" name="LoginErrorValidation" finished-at="2024-06-19T12:12:05 WAT" duration-ms="8249" status="PASS">
          <reporter-output>
          </reporter-output>
        </test-method> <!-- LoginErrorValidation -->
        <test-method is-config="true" signature="tearDown()[pri:0, instance:instillAdminPortal.tests.StandAloneTest@3e08ff24]" started-at="2024-06-19T12:12:05 WAT" name="tearDown" finished-at="2024-06-19T12:12:06 WAT" duration-ms="130" status="PASS">
          <reporter-output>
          </reporter-output>
        </test-method> <!-- tearDown -->
        <test-method is-config="true" signature="launchApplication()[pri:0, instance:instillAdminPortal.tests.StandAloneTest@3e08ff24]" started-at="2024-06-19T12:12:06 WAT" name="launchApplication" finished-at="2024-06-19T12:12:10 WAT" duration-ms="4108" status="PASS">
          <reporter-output>
          </reporter-output>
        </test-method> <!-- launchApplication -->
        <test-method signature="successfulLogin()[pri:0, instance:instillAdminPortal.tests.StandAloneTest@3e08ff24]" started-at="2024-06-19T12:12:10 WAT" name="successfulLogin" finished-at="2024-06-19T12:12:12 WAT" duration-ms="1827" status="PASS">
          <reporter-output>
          </reporter-output>
        </test-method> <!-- successfulLogin -->
        <test-method is-config="true" signature="tearDown()[pri:0, instance:instillAdminPortal.tests.StandAloneTest@3e08ff24]" started-at="2024-06-19T12:12:12 WAT" name="tearDown" finished-at="2024-06-19T12:12:12 WAT" duration-ms="123" status="PASS">
          <reporter-output>
          </reporter-output>
        </test-method> <!-- tearDown -->
        <test-method is-config="true" signature="launchApplication()[pri:0, instance:instillAdminPortal.tests.StandAloneTest@3e08ff24]" started-at="2024-06-19T12:12:12 WAT" name="launchApplication" finished-at="2024-06-19T12:12:16 WAT" duration-ms="4485" status="PASS">
          <reporter-output>
          </reporter-output>
        </test-method> <!-- launchApplication -->
        <test-method signature="successfulSignOut()[pri:0, instance:instillAdminPortal.tests.StandAloneTest@3e08ff24]" started-at="2024-06-19T12:12:16 WAT" name="successfulSignOut" finished-at="2024-06-19T12:12:18 WAT" duration-ms="1494" status="PASS">
          <reporter-output>
          </reporter-output>
        </test-method> <!-- successfulSignOut -->
        <test-method is-config="true" signature="tearDown()[pri:0, instance:instillAdminPortal.tests.StandAloneTest@3e08ff24]" started-at="2024-06-19T12:12:18 WAT" name="tearDown" finished-at="2024-06-19T12:12:18 WAT" duration-ms="71" status="PASS">
          <reporter-output>
          </reporter-output>
        </test-method> <!-- tearDown -->
      </class> <!-- instillAdminPortal.tests.StandAloneTest -->
    </test> <!-- Stand Alone Test -->
  </suite> <!-- Suite -->
</testng-results>
